1544165458237	mozrunner::runner	INFO	Running command: "C:\\Program Files\\Mozilla Firefox\\firefox.exe" "-marionette" "-foreground" "-no-remote" "-profile" "C:\\Users\\kjjs1\\AppData\\Local\\Temp\\rust_mozprofile.tqa58BmVfg4T"
1544165460107	Marionette	INFO	Listening on port 10318
1544165460415	Marionette	WARN	TLS certificate errors will be ignored for this session
1544165467827	Marionette	INFO	Stopped listening on port 10318
[Child 1044, Chrome_ChildThread] WARNING: pipe error: 109: file z:/build/build/src/ipc/chromium/src/chrome/common/ipc_channel_win.cc, line 346
[Parent 6404, Gecko_IOThread] WARNING: pipe error: 109: file z:/build/build/src/ipc/chromium/src/chrome/common/ipc_channel_win.cc, line 346
[Parent 6404, Gecko_IOThread] WARNING: pipe error: 109: file z:/build/build/src/ipc/chromium/src/chrome/common/ipc_channel_win.cc, line 346
[
###!!! [Child][MessageChannel::SendAndWait] Error: Channel error: cannot send/recv

1544165525515	mozrunner::runner	INFO	Running command: "C:\\Program Files\\Mozilla Firefox\\firefox.exe" "-marionette" "-foreground" "-no-remote" "-profile" "C:\\Users\\kjjs1\\AppData\\Local\\Temp\\rust_mozprofile.aNtL0jNQKhWw"
1544165527418	Marionette	INFO	Listening on port 10368
1544165527680	Marionette	WARN	TLS certificate errors will be ignored for this session
1544165532488	Marionette	INFO	Stopped listening on port 10368
[Child 6640, Chrome_ChildThread] WARNING: pipe error: 109: file z:/build/build/src/ipc/chromium/src/chrome/common/ipc_channel_win.cc, line 346
[Child 6640, Chrome_Chil[Parent 10784, Gecko_IOThread] WARNING: pipe error: 109: file z:/build/build/src/ipc/chromium/src/chrome/common/ipc_channel_win.cc, line 346

###!!! [Child][RunMessage] Error: Channel closing: too late to send/recv, messages will be lost

[
###!!! [Child][MessageChannel::SendAndWait] Error: Channel error: cannot send/recv

1544166412723	mozrunner::runner	INFO	Running command: "C:\\Program Files\\Mozilla Firefox\\firefox.exe" "-marionette" "-foreground" "-no-remote" "-profile" "C:\\Users\\kjjs1\\AppData\\Local\\Temp\\rust_mozprofile.FGrbBSrKyqe9"
1544166414337	Marionette	INFO	Listening on port 11022
1544166414387	Marionette	WARN	TLS certificate errors will be ignored for this session
1544166418878	Marionette	INFO	Stopped listening on port 11022
[Child 13256, Chrome_ChildThread] WARNING: pipe error: 109: file z:/build/build/src/ipc/chromium/src/chrome/common/ipc_channel_win.cc, line 346
[Child 13256, Chro[Parent 7216, Gecko_IOThread] WARNING: pipe error: 109: file z:/build/build/src/ipc/chromium/src/chrome/common/ipc_channel_win.cc, line 346

###!!! [Child][RunMessage] Error: Channel closing: too late to send/recv, messages will be lost

[G
###!!! [Child][MessageChannel::SendAndWait] Error: Channel error: cannot send/recv

